PathParameter	MaxPathLikelihood	MLContribution
0.0000	-34269	-0.00092487
2.1375e-08	-32729	-0.0083464
2.1544e-07	-34529	-0.026608
8.3235e-07	-34013	-0.057874
2.1715e-06	-32998	-0.10373
4.5688e-06	-35304	-0.16479
8.3895e-06	-32731	-0.24356
1.4025e-05	-35305	-0.33631
2.1888e-05	-34730	-0.45276
3.2412e-05	-34631	-0.58305
4.6050e-05	-34406	-0.73620
6.3272e-05	-34259	-0.90999
8.4561e-05	-32086	-1.0919
0.00011042	-34717	-1.3023
0.00014136	-34705	-1.5315
0.00017791	-34312	-1.7796
0.00022061	-33382	-2.0448
0.00027002	-33482	-2.3261
0.00032669	-33448	-2.6171
0.00039121	-33085	-2.9417
0.00046416	-30830	-3.2487
0.00054613	-30731	-3.5832
0.00063774	-30616	-3.9005
0.00073959	-31958	-4.2700
0.00085232	-30001	-4.6014
0.00097656	-28528	-4.9209
0.0011130	-27863	-5.2747
0.0012622	-26232	-5.5275
0.0014248	-26266	-5.8061
0.0016016	-23247	-6.0640
0.0017932	-23609	-6.3370
0.0020003	-23384	-6.5590
0.0022237	-22212	-6.6790
0.0024638	-21337	-6.9013
0.0027216	-20324	-7.1426
0.0029977	-20038	-7.2835
0.0032929	-19822	-7.4659
0.0036078	-19561	-7.7293
0.0039432	-19530	-7.9782
0.0042998	-19262	-8.3053
0.0046784	-18901	-8.6077
0.0050798	-19169	-8.9502
0.0055047	-19084	-9.3278
0.0059538	-18774	-9.7341
0.0064280	-18725	-10.123
0.0069280	-18483	-10.555
0.0074546	-18458	-11.009
0.0080087	-18451	-11.471
0.0085909	-18395	-11.935
0.0092021	-18165	-12.438
0.0098431	-18148	-12.929
0.010515	-18120	-13.475
0.011218	-18112	-14.010
0.011953	-18064	-14.550
0.012722	-18011	-15.104
0.013524	-18007	-15.691
0.014361	-18009	-16.278
0.015234	-17879	-16.895
0.016143	-17851	-17.553
0.017090	-17880	-18.177
0.018075	-17820	-18.851
0.019099	-17798	-19.524
0.020162	-17834	-20.206
0.021267	-17768	-20.912
0.022413	-17647	-21.646
0.023602	-17768	-22.388
0.024834	-17681	-23.132
0.026111	-17708	-23.913
0.027432	-17605	-24.680
0.028800	-17611	-25.508
0.030215	-17620	-26.321
0.031678	-17612	-27.154
0.033190	-17601	-28.021
0.034752	-17585	-28.869
0.036364	-17607	-29.758
0.038028	-17592	-30.665
0.039745	-17568	-31.590
0.041515	-17531	-32.529
0.043339	-17551	-33.479
0.045219	-17507	-34.440
0.047156	-17533	-35.422
0.049149	-17545	-36.427
0.051201	-17529	-37.434
0.053312	-17516	-38.474
0.055484	-17525	-39.520
0.057716	-17513	-40.599
0.060011	-17510	-41.679
0.062368	-17493	-42.794
0.064790	-17502	-43.908
0.067277	-17500	-45.038
0.069830	-17477	-46.209
0.072450	-17490	-47.381
0.075138	-17475	-48.575
0.077895	-17485	-49.785
0.080722	-17486	-51.013
0.083620	-17483	-52.255
0.086591	-17462	-53.510
0.089634	-17463	-54.791
0.092751	-17457	-56.099
0.095944	-17462	-57.415
0.099213	-17459	-58.755
0.10256	-17456	-60.101
0.10598	-17456	-61.479
0.10949	-17444	-62.863
0.11307	-17439	-64.268
0.11673	-17438	-65.690
0.12048	-17443	-67.140
0.12431	-17438	-68.600
0.12823	-17439	-70.083
0.13223	-17442	-71.584
0.13631	-17436	-73.104
0.14049	-17439	-74.639
0.14475	-17434	-76.192
0.14911	-17441	-77.773
0.15355	-17437	-79.369
0.15809	-17436	-80.977
0.16271	-17429	-82.603
0.16744	-17422	-84.259
0.17226	-17431	-85.922
0.17717	-17427	-87.611
0.18218	-17425	-89.314
0.18729	-17427	-91.043
0.19250	-17422	-92.785
0.19781	-17428	-94.551
0.20322	-17422	-96.337
0.20874	-17416	-98.132
0.21436	-17419	-99.954
0.22008	-17420	-101.81
0.22591	-17418	-103.66
0.23185	-17418	-105.54
0.23789	-17416	-107.44
0.24405	-17419	-109.36
0.25031	-17412	-111.30
0.25669	-17411	-113.26
0.26318	-17404	-115.24
0.26978	-17412	-117.24
0.27650	-17412	-119.26
0.28334	-17408	-121.30
0.29029	-17411	-123.35
0.29736	-17407	-125.43
0.30455	-17405	-127.53
0.31186	-17411	-129.65
0.31930	-17407	-131.79
0.32685	-17407	-133.95
0.33454	-17405	-136.12
0.34234	-17407	-138.32
0.35028	-17408	-140.54
0.35834	-17406	-142.78
0.36653	-17405	-145.04
0.37485	-17407	-147.33
0.38330	-17408	-149.63
0.39188	-17401	-151.95
0.40060	-17406	-154.29
0.40945	-17403	-156.65
0.41844	-17403	-159.04
0.42757	-17406	-161.44
0.43683	-17401	-163.87
0.44624	-17402	-166.32
0.45578	-17403	-168.79
0.46547	-17403	-171.27
0.47530	-17404	-173.78
0.48527	-17402	-176.31
0.49539	-17399	-178.86
0.50566	-17401	-181.43
0.51608	-17402	-184.03
0.52664	-17399	-186.64
0.53735	-17399	-189.27
0.54822	-17401	-191.94
0.55924	-17400	-194.61
0.57041	-17400	-197.31
0.58174	-17400	-200.03
0.59323	-17401	-202.77
0.60487	-17400	-205.53
0.61667	-17397	-208.32
0.62863	-17399	-211.12
0.64076	-17398	-213.96
0.65304	-17396	-216.80
0.66549	-17397	-219.68
0.67811	-17400	-222.57
0.69089	-17399	-225.49
0.70384	-17399	-228.42
0.71696	-17398	-231.38
0.73025	-17395	-234.36
0.74371	-17397	-237.36
0.75734	-17397	-240.38
0.77115	-17396	-243.43
0.78513	-17396	-246.49
0.79929	-17395	-249.59
0.81363	-17398	-252.70
0.82814	-17395	-255.83
0.84284	-17394	-258.99
0.85772	-17396	-262.17
0.87278	-17393	-265.37
0.88802	-17393	-268.59
0.90345	-17396	-271.84
0.91907	-17393	-275.11
0.93488	-17395	-278.39
0.95087	-17395	-281.70
0.96705	-17394	-285.04
0.98343	-17391	-288.40
1.0000	-17391	

log marginal likelihood (using generalized stepping stone sampling) from (pathLikelihood.source - pathLikelihood.destination) = -17541.18807824397
